[ 2015-11-18T15:18:33+08:00 ] 127.0.0.1 /instructor/creat/index
INFO: [ app_init ] --START--
INFO: Run Behavior\BuildLiteBehavior [ RunTime:0.000038s ]
INFO: [ app_init ] --END-- [ RunTime:0.001196s ]
ERR: 无法加载模块:Creat

[ 2015-11-18T16:34:29+08:00 ] 127.0.0.1 /instructor/Public/bootstrap-3.3.5/js/jquery.min.map
INFO: [ app_init ] --START--
INFO: Run Behavior\BuildLiteBehavior [ RunTime:0.000034s ]
INFO: [ app_init ] --END-- [ RunTime:0.000997s ]
ERR: 无法加载模块:Public

[ 2015-11-18T16:35:00+08:00 ] 127.0.0.1 /instructor/Public/bootstrap-3.3.5/js/jquery.min.map
INFO: [ app_init ] --START--
INFO: Run Behavior\BuildLiteBehavior [ RunTime:0.000034s ]
INFO: [ app_init ] --END-- [ RunTime:0.001030s ]
ERR: 无法加载模块:Public

[ 2015-11-18T16:35:44+08:00 ] 127.0.0.1 /instructor/Public/bootstrap-3.3.5/js/jquery.min.map
INFO: [ app_init ] --START--
INFO: Run Behavior\BuildLiteBehavior [ RunTime:0.000035s ]
INFO: [ app_init ] --END-- [ RunTime:0.001118s ]
ERR: 无法加载模块:Public

[ 2015-11-18T16:35:56+08:00 ] 127.0.0.1 /instructor/Public/bootstrap-3.3.5/js/jquery.min.map
INFO: [ app_init ] --START--
INFO: Run Behavior\BuildLiteBehavior [ RunTime:0.000041s ]
INFO: [ app_init ] --END-- [ RunTime:0.001370s ]
ERR: 无法加载模块:Public

[ 2015-11-18T16:37:08+08:00 ] 127.0.0.1 /instructor/Public/bootstrap-3.3.5/js/jquery.min.map
INFO: [ app_init ] --START--
INFO: Run Behavior\BuildLiteBehavior [ RunTime:0.000044s ]
INFO: [ app_init ] --END-- [ RunTime:0.001326s ]
ERR: 无法加载模块:Public

[ 2015-11-18T16:37:19+08:00 ] 127.0.0.1 /instructor/Public/bootstrap-3.3.5/js/jquery.min.map
INFO: [ app_init ] --START--
INFO: Run Behavior\BuildLiteBehavior [ RunTime:0.000038s ]
INFO: [ app_init ] --END-- [ RunTime:0.001679s ]
ERR: 无法加载模块:Public

[ 2015-11-18T16:37:22+08:00 ] 127.0.0.1 /instructor/Public/bootstrap-3.3.5/js/jquery.min.map
INFO: [ app_init ] --START--
INFO: Run Behavior\BuildLiteBehavior [ RunTime:0.000041s ]
INFO: [ app_init ] --END-- [ RunTime:0.001116s ]
ERR: 无法加载模块:Public

[ 2015-11-18T16:37:23+08:00 ] 127.0.0.1 /instructor/Public/bootstrap-3.3.5/js/jquery.min.map
INFO: [ app_init ] --START--
INFO: Run Behavior\BuildLiteBehavior [ RunTime:0.000038s ]
INFO: [ app_init ] --END-- [ RunTime:0.001103s ]
ERR: 无法加载模块:Public

[ 2015-11-18T16:37:44+08:00 ] 127.0.0.1 /instructor/Public/bootstrap-3.3.5/js/jquery.min.map
INFO: [ app_init ] --START--
INFO: Run Behavior\BuildLiteBehavior [ RunTime:0.000037s ]
INFO: [ app_init ] --END-- [ RunTime:0.001363s ]
ERR: 无法加载模块:Public

[ 2015-11-18T16:38:02+08:00 ] 127.0.0.1 /instructor/Public/bootstrap-3.3.5/js/jquery.min.map
INFO: [ app_init ] --START--
INFO: Run Behavior\BuildLiteBehavior [ RunTime:0.000035s ]
INFO: [ app_init ] --END-- [ RunTime:0.001085s ]
ERR: 无法加载模块:Public

[ 2015-11-18T16:38:32+08:00 ] 127.0.0.1 /instructor/Public/bootstrap-3.3.5/js/jquery.min.map
INFO: [ app_init ] --START--
INFO: Run Behavior\BuildLiteBehavior [ RunTime:0.000051s ]
INFO: [ app_init ] --END-- [ RunTime:0.024813s ]
ERR: 无法加载模块:Public

[ 2015-11-18T16:39:57+08:00 ] 127.0.0.1 /instructor/Public/bootstrap-3.3.5/js/jquery.min.map
INFO: [ app_init ] --START--
INFO: Run Behavior\BuildLiteBehavior [ RunTime:0.000045s ]
INFO: [ app_init ] --END-- [ RunTime:0.002570s ]
ERR: 无法加载模块:Public

[ 2015-11-18T16:40:00+08:00 ] 127.0.0.1 /instructor/Public/bootstrap-3.3.5/js/jquery.min.map
INFO: [ app_init ] --START--
INFO: Run Behavior\BuildLiteBehavior [ RunTime:0.000044s ]
INFO: [ app_init ] --END-- [ RunTime:0.001483s ]
ERR: 无法加载模块:Public

[ 2015-11-18T16:40:01+08:00 ] 127.0.0.1 /instructor/Public/bootstrap-3.3.5/js/jquery.min.map
INFO: [ app_init ] --START--
INFO: Run Behavior\BuildLiteBehavior [ RunTime:0.000045s ]
INFO: [ app_init ] --END-- [ RunTime:0.001672s ]
ERR: 无法加载模块:Public

[ 2015-11-18T16:40:27+08:00 ] 127.0.0.1 /instructor/Public/bootstrap-3.3.5/js/jquery.min.map
INFO: [ app_init ] --START--
INFO: Run Behavior\BuildLiteBehavior [ RunTime:0.000037s ]
INFO: [ app_init ] --END-- [ RunTime:0.001680s ]
ERR: 无法加载模块:Public

[ 2015-11-18T16:40:34+08:00 ] 127.0.0.1 /instructor/Public/bootstrap-3.3.5/js/jquery.min.map
INFO: [ app_init ] --START--
INFO: Run Behavior\BuildLiteBehavior [ RunTime:0.000036s ]
INFO: [ app_init ] --END-- [ RunTime:0.000944s ]
ERR: 无法加载模块:Public

[ 2015-11-18T16:40:58+08:00 ] 127.0.0.1 /instructor/Public/bootstrap-3.3.5/js/jquery.min.map
INFO: [ app_init ] --START--
INFO: Run Behavior\BuildLiteBehavior [ RunTime:0.000034s ]
INFO: [ app_init ] --END-- [ RunTime:0.000871s ]
ERR: 无法加载模块:Public

[ 2015-11-18T16:41:40+08:00 ] 127.0.0.1 /instructor/Public/bootstrap-3.3.5/js/jquery.min.map
INFO: [ app_init ] --START--
INFO: Run Behavior\BuildLiteBehavior [ RunTime:0.000034s ]
INFO: [ app_init ] --END-- [ RunTime:0.000870s ]
ERR: 无法加载模块:Public

[ 2015-11-18T16:42:00+08:00 ] 127.0.0.1 /instructor/Public/bootstrap-3.3.5/js/jquery.min.map
INFO: [ app_init ] --START--
INFO: Run Behavior\BuildLiteBehavior [ RunTime:0.000040s ]
INFO: [ app_init ] --END-- [ RunTime:0.001137s ]
ERR: 无法加载模块:Public

[ 2015-11-18T16:43:04+08:00 ] 127.0.0.1 /instructor/Public/bootstrap-3.3.5/js/jquery.min.map
INFO: [ app_init ] --START--
INFO: Run Behavior\BuildLiteBehavior [ RunTime:0.000040s ]
INFO: [ app_init ] --END-- [ RunTime:0.001118s ]
ERR: 无法加载模块:Public

[ 2015-11-18T16:44:42+08:00 ] 127.0.0.1 /instructor/Public/bootstrap-3.3.5/js/jquery.min.map
INFO: [ app_init ] --START--
INFO: Run Behavior\BuildLiteBehavior [ RunTime:0.000037s ]
INFO: [ app_init ] --END-- [ RunTime:0.001127s ]
ERR: 无法加载模块:Public

[ 2015-11-18T16:45:02+08:00 ] 127.0.0.1 /instructor/Public/bootstrap-3.3.5/js/jquery.min.map
INFO: [ app_init ] --START--
INFO: Run Behavior\BuildLiteBehavior [ RunTime:0.000099s ]
INFO: [ app_init ] --END-- [ RunTime:0.000931s ]
ERR: 无法加载模块:Public

[ 2015-11-18T16:46:07+08:00 ] 127.0.0.1 /instructor/Public/bootstrap-3.3.5/js/jquery.min.map
INFO: [ app_init ] --START--
INFO: Run Behavior\BuildLiteBehavior [ RunTime:0.000037s ]
INFO: [ app_init ] --END-- [ RunTime:0.000963s ]
ERR: 无法加载模块:Public

[ 2015-11-18T17:13:44+08:00 ] 127.0.0.1 /instructor/Public/bootstrap-3.3.5/js/jquery.min.map
INFO: [ app_init ] --START--
INFO: Run Behavior\BuildLiteBehavior [ RunTime:0.000061s ]
INFO: [ app_init ] --END-- [ RunTime:0.001075s ]
ERR: 无法加载模块:Public

[ 2015-11-18T17:19:05+08:00 ] 127.0.0.1 /instructor/Public/bootstrap-3.3.5/js/jquery.min.map
INFO: [ app_init ] --START--
INFO: Run Behavior\BuildLiteBehavior [ RunTime:0.000130s ]
INFO: [ app_init ] --END-- [ RunTime:0.002731s ]
ERR: 无法加载模块:Public

[ 2015-11-18T17:19:45+08:00 ] 127.0.0.1 /instructor/Public/bootstrap-3.3.5/js/jquery.min.map
INFO: [ app_init ] --START--
INFO: Run Behavior\BuildLiteBehavior [ RunTime:0.000035s ]
INFO: [ app_init ] --END-- [ RunTime:0.000962s ]
ERR: 无法加载模块:Public

[ 2015-11-18T17:23:31+08:00 ] 127.0.0.1 /instructor/Public/bootstrap-3.3.5/js/jquery.min.map
INFO: [ app_init ] --START--
INFO: Run Behavior\BuildLiteBehavior [ RunTime:0.000035s ]
INFO: [ app_init ] --END-- [ RunTime:0.001079s ]
ERR: 无法加载模块:Public

